Command: ninja all
[1/10] Building C object esp-idf/main/CMakeFiles/__idf_main.dir/main.c.obj
[2/10] Performing build step for 'bootloader'
[1/1] cd /workspaces/cochlea_simulator/rewrite/cochlear-implant/build/bootloader && /opt/esp/python_env/idf6.1_py3.12_env/bin/python /opt/esp/idf/components/partition_table/check_sizes.py --offset 0x8000 bootloader 0x0 /workspaces/cochlea_simulator/rewrite/cochlear-implant/build/bootloader/bootloader.bin
Bootloader binary size 0x5320 bytes. 0x2ce0 bytes (35%) free.
[3/10] No install step for 'bootloader'
[4/10] Completed 'bootloader'
[5/10] Building C object esp-idf/main/CMakeFiles/__idf_main.dir/buttons.c.obj
FAILED: esp-idf/main/CMakeFiles/__idf_main.dir/buttons.c.obj 
ccache /opt/esp/tools/xtensa-esp-elf/esp-15.2.0_20250929/xtensa-esp-elf/bin/xtensa-esp32s3-elf-gcc -DESP_PLATFORM -DIDF_VER=\"v6.1-dev-450-g286b8cb76d\" -DSOC_MMU_PAGE_SIZE=CONFIG_MMU_PAGE_SIZE -DSOC_XTAL_FREQ_MHZ=CONFIG_XTAL_FREQ -D_GLIBCXX_HAVE_POSIX_SEMAPHORE -D_GLIBCXX_USE_POSIX_SEMAPHORE -D_GNU_SOURCE -D_POSIX_READER_WRITER_LOCKS -I/workspaces/cochlea_simulator/rewrite/cochlear-implant/build/config -I/opt/esp/idf/components/esp_libc/platform_include -I/opt/esp/idf/components/freertos/config/include -I/opt/esp/idf/components/freertos/config/include/freertos -I/opt/esp/idf/components/freertos/config/xtensa/include -I/opt/esp/idf/components/freertos/FreeRTOS-Kernel/include -I/opt/esp/idf/components/freertos/FreeRTOS-Kernel/portable/xtensa/include -I/opt/esp/idf/components/freertos/FreeRTOS-Kernel/portable/xtensa/include/freertos -I/opt/esp/idf/components/freertos/esp_additions/include -I/opt/esp/idf/components/esp_hw_support/include -I/opt/esp/idf/components/esp_hw_support/include/soc -I/opt/esp/idf/components/esp_hw_support/dma/include -I/opt/esp/idf/components/esp_hw_support/ldo/include -I/opt/esp/idf/components/esp_hw_support/debug_probe/include -I/opt/esp/idf/components/esp_hw_support/etm/include -I/opt/esp/idf/components/esp_hw_support/mspi_timing_tuning/include -I/opt/esp/idf/components/esp_hw_support/mspi_timing_tuning/tuning_scheme_impl/include -I/opt/esp/idf/components/esp_hw_support/power_supply/include -I/opt/esp/idf/components/esp_hw_support/modem/include -I/opt/esp/idf/components/esp_hw_support/include/soc/esp32s3 -I/opt/esp/idf/components/esp_hw_support/port/esp32s3/. -I/opt/esp/idf/components/esp_hw_support/port/esp32s3/include -I/opt/esp/idf/components/esp_hw_support/mspi_timing_tuning/port/esp32s3/. -I/opt/esp/idf/components/esp_hw_support/mspi_timing_tuning/port/esp32s3/include -I/opt/esp/idf/components/heap/include -I/opt/esp/idf/components/heap/tlsf -I/opt/esp/idf/components/log/include -I/opt/esp/idf/components/soc/include -I/opt/esp/idf/components/soc/esp32s3 -I/opt/esp/idf/components/soc/esp32s3/include -I/opt/esp/idf/components/soc/esp32s3/register -I/opt/esp/idf/components/hal/platform_port/include -I/opt/esp/idf/components/hal/esp32s3/include -I/opt/esp/idf/components/hal/include -I/opt/esp/idf/components/esp_rom/include -I/opt/esp/idf/components/esp_rom/esp32s3/include -I/opt/esp/idf/components/esp_rom/esp32s3/include/esp32s3 -I/opt/esp/idf/components/esp_rom/esp32s3 -I/opt/esp/idf/components/esp_common/include -I/opt/esp/idf/components/esp_system/include -I/opt/esp/idf/components/esp_system/port/soc -I/opt/esp/idf/components/esp_system/port/include/private -I/opt/esp/idf/components/esp_stdio/include -I/opt/esp/idf/components/xtensa/esp32s3/include -I/opt/esp/idf/components/xtensa/include -I/opt/esp/idf/components/xtensa/deprecated_include -I/opt/esp/idf/components/esp_hal_dma/include -I/opt/esp/idf/components/esp_hal_dma/esp32s3/include -I/opt/esp/idf/components/esp_driver_gpio/include -I/opt/esp/idf/components/spi_flash/include -I/opt/esp/idf/components/esp_hal_mspi/include -I/opt/esp/idf/components/esp_hal_mspi/esp32s3/include -mlongcalls -fno-builtin-memcpy -fno-builtin-memset -fno-builtin-bzero  -fdiagnostics-color=always -ffunction-sections -fdata-sections -Wall -Werror=all -Wno-error=unused-function -Wno-error=unused-variable -Wno-error=unused-but-set-variable -Wno-error=deprecated-declarations -Wextra -Wno-error=extra -Wno-unused-parameter -Wno-sign-compare -Wno-enum-conversion -gdwarf-4 -ggdb -Og -fno-shrink-wrap -fmacro-prefix-map=/workspaces/cochlea_simulator/rewrite/cochlear-implant=. -fmacro-prefix-map=/opt/esp/idf=/IDF -fstrict-volatile-bitfields -fno-jump-tables -fno-tree-switch-conversion -std=gnu23 -Wno-old-style-declaration -fzero-init-padding-bits=all -fno-malloc-dce -MD -MT esp-idf/main/CMakeFiles/__idf_main.dir/buttons.c.obj -MF esp-idf/main/CMakeFiles/__idf_main.dir/buttons.c.obj.d -o esp-idf/main/CMakeFiles/__idf_main.dir/buttons.c.obj -c /workspaces/cochlea_simulator/rewrite/cochlear-implant/main/buttons.c
/workspaces/cochlea_simulator/rewrite/cochlear-implant/main/buttons.c: In function 'read_button':
/workspaces/cochlea_simulator/rewrite/cochlear-implant/main/buttons.c:22:28: error: format '%d' expects argument of type 'int', but argument 2 has type 'uint32_t' {aka 'long unsigned int'} [-Werror=format=]
   22 |     printf("Current time: %d", current_time);
      |                           ~^   ~~~~~~~~~~~~
      |                            |   |
      |                            int uint32_t {aka long unsigned int}
      |                           %ld
cc1: some warnings being treated as errors
ninja: build stopped: subcommand failed.
